2025-03-25 15:31:15,895 - INFO - Logging initialized. Log file: docs/logs/cvpr_scraper_20250325_153115.log
2025-03-25 15:31:15,895 - INFO - Starting CVPR Conference contributor analysis...
2025-03-25 15:31:15,895 - INFO - Getting top 3 contributors for years [2022, 2023, 2024]
2025-03-25 15:31:15,895 - INFO - Processing CVPR 2022...
2025-03-25 15:31:15,895 - INFO - Processing CVPR 2022 data...
2025-03-25 15:31:15,895 - INFO - Fetching URL: https://openaccess.thecvf.com/CVPR2022?day=all
2025-03-25 15:31:17,015 - INFO - Successfully fetched https://openaccess.thecvf.com/CVPR2022?day=all
2025-03-25 15:31:19,906 - INFO - Found 2074 paper entries for year 2022
2025-03-25 15:31:19,938 - INFO - Successfully extracted data for 2074 papers for year 2022
2025-03-25 15:31:19,940 - INFO - Found 7380 unique authors for CVPR 2022
2025-03-25 15:31:21,943 - INFO - Processing CVPR 2023...
2025-03-25 15:31:21,944 - INFO - Processing CVPR 2023 data...
2025-03-25 15:31:21,944 - INFO - Fetching URL: https://openaccess.thecvf.com/CVPR2023?day=all
2025-03-25 15:31:23,153 - INFO - Successfully fetched https://openaccess.thecvf.com/CVPR2023?day=all
2025-03-25 15:31:28,000 - INFO - Found 2353 paper entries for year 2023
2025-03-25 15:31:28,037 - INFO - Successfully extracted data for 2353 papers for year 2023
2025-03-25 15:31:28,039 - INFO - Found 8447 unique authors for CVPR 2023
2025-03-25 15:31:30,043 - INFO - Processing CVPR 2024...
2025-03-25 15:31:30,043 - INFO - Processing CVPR 2024 data...
2025-03-25 15:31:30,043 - INFO - Fetching URL: https://openaccess.thecvf.com/CVPR2024?day=all
2025-03-25 15:31:31,367 - INFO - Successfully fetched https://openaccess.thecvf.com/CVPR2024?day=all
2025-03-25 15:31:37,692 - INFO - Found 2716 paper entries for year 2024
2025-03-25 15:31:37,733 - INFO - Successfully extracted data for 2716 papers for year 2024
2025-03-25 15:31:37,735 - INFO - Found 10311 unique authors for CVPR 2024
2025-03-25 15:31:39,750 - INFO - Successfully identified top 3 contributors
2025-03-25 15:31:39,841 - INFO - Results successfully saved to /run/media/rileyb/rsbdrive/UCCS/CS3080-PYTHON/Projects/Project2/code/cvpr_top_contributors.xlsx
2025-03-25 15:31:39,841 - INFO - Analysis complete!
2025-03-25 15:31:39,841 - INFO - Results saved to: /run/media/rileyb/rsbdrive/UCCS/CS3080-PYTHON/Projects/Project2/code/cvpr_top_contributors.xlsx
2025-03-25 15:31:39,841 - INFO - Log file saved to: docs/logs/cvpr_scraper_20250325_153115.log
